<?xml version="1.0" encoding="UTF-8"?>
<!-- Generated by org.testng.reporters.JUnitReportReporter -->
<testsuite skipped="0" hostname="DESKTOP-UTJTOH1" name="com.pack.home.TestExecution.TestRun" tests="8" failures="0" timestamp="12 Oct 2017 08:30:05 GMT" time="44.530" errors="0">
  <testcase name="login" time="12.033" classname="com.pack.home.TestExecution.TestRun"/>
  <testcase name="parentallink" time="6.103" classname="com.pack.home.TestExecution.TestRun"/>
  <testcase name="selectlink" time="1.002" classname="com.pack.home.TestExecution.TestRun"/>
  <testcase name="blockedlink" time="5.212" classname="com.pack.home.TestExecution.TestRun"/>
  <testcase name="advancedlink" time="5.192" classname="com.pack.home.TestExecution.TestRun"/>
  <testcase name="selectlink2" time="1.006" classname="com.pack.home.TestExecution.TestRun"/>
  <testcase name="customlink" time="5.169" classname="com.pack.home.TestExecution.TestRun"/>
  <testcase name="Customurl" time="8.813" classname="com.pack.home.TestExecution.TestRun"/>
</testsuite> <!-- com.pack.home.TestExecution.TestRun -->
