<?xml version="1.0" encoding="UTF-8"?>
<!-- Generated by org.testng.reporters.JUnitReportReporter -->
<testsuite skipped="0" hostname="DESKTOP-UTJTOH1" name="com.pack.home.TestExecution.TestRun" tests="8" failures="0" timestamp="11 Oct 2017 18:26:51 GMT" time="43.401" errors="0">
  <testcase name="login" time="11.511" classname="com.pack.home.TestExecution.TestRun"/>
  <testcase name="parentallink" time="6.067" classname="com.pack.home.TestExecution.TestRun"/>
  <testcase name="selectlink" time="1.002" classname="com.pack.home.TestExecution.TestRun"/>
  <testcase name="blockedlink" time="5.190" classname="com.pack.home.TestExecution.TestRun"/>
  <testcase name="advancedlink" time="5.171" classname="com.pack.home.TestExecution.TestRun"/>
  <testcase name="selectlink2" time="1.002" classname="com.pack.home.TestExecution.TestRun"/>
  <testcase name="customlink" time="5.160" classname="com.pack.home.TestExecution.TestRun"/>
  <testcase name="Customurl" time="8.298" classname="com.pack.home.TestExecution.TestRun"/>
</testsuite> <!-- com.pack.home.TestExecution.TestRun -->
